========================================================
🚀 启动 Uplift 多种子波次并发复现 (Seed: 1042~5042)
▶️ 单卡并发量: 20 个进程 (4模型 x 5种子)
📄 日志输出目录: reproduce_massive_logs/
========================================================
🌊 [GPU 1] 启动新波次并发 (模型序号: 0 到 3)...
🌊 [GPU 2] 启动新波次并发 (模型序号: 0 到 3)...
   -> 🚀 投递模型: MTMT (y_mtmt_mlp) 的 5 个种子...
   -> 🚀 投递模型: TARNET (y_v7_soft_top10) 的 5 个种子...
   -> 🚀 投递模型: TARNET (y_v8_s4) 的 5 个种子...
   -> 🚀 投递模型: MOTTO (y_motto) 的 5 个种子...
   -> 🚀 投递模型: TARNET (y_v8_s5) 的 5 个种子...
   -> 🚀 投递模型: ECUP (y_ecup) 的 5 个种子...
   -> 🚀 投递模型: TARNET (y_v8_s6) 的 5 个种子...
   -> 🚀 投递模型: DragonNet (y_baseline_dragonnet) 的 5 个种子...
========================================================
🚀 启动 Uplift 多种子波次并发复现 (Seed: 1042~5042)
▶️ 单卡并发量: 20 个进程 (4模型 x 5种子)
📄 日志输出目录: reproduce_massive_logs/
========================================================
🌊 [GPU 1] 启动新波次并发 (模型序号: 0 到 2)...
🌊 [GPU 2] 启动新波次并发 (模型序号: 0 到 2)...
   -> 🚀 投递模型: MTMT (y_mtmt_mlp) 的 5 个种子...
   -> 🚀 投递模型: TARNET (y_v7_soft_top10) 的 5 个种子...
   -> 🚀 投递模型: MOTTO (y_motto) 的 5 个种子...
   -> 🚀 投递模型: TARNET (y_v8_s4) 的 5 个种子...
   -> 🚀 投递模型: ECUP (y_ecup) 的 5 个种子...
   -> 🚀 投递模型: TARNET (y_v8_s5) 的 5 个种子...
========================================================
🚀 启动 Uplift 动态队列并发复现 (Seed: 1042~5042)
▶️ [GPU 1] 队列容量: 10 并发进程
▶️ [GPU 2] 队列容量: 15 并发进程
📄 日志输出目录: reproduce_dynamic_logs/
========================================================
🌊 [GPU 1] 启动动态滑动队列 (容量: 10 进程) ...
🌊 [GPU 2] 启动动态滑动队列 (容量: 15 进程) ...
   -> 🚀 [GPU 2] 成功投递任务 | 队列状态: 1/15 | 模型: TARNET (Seed: 1042)
   -> 🚀 [GPU 1] 成功投递任务 | 队列状态: 1/10 | 模型: MTMT (Seed: 1042)
   -> 🚀 [GPU 2] 成功投递任务 | 队列状态: 2/15 | 模型: TARNET (Seed: 2042)
   -> 🚀 [GPU 1] 成功投递任务 | 队列状态: 2/10 | 模型: MTMT (Seed: 2042)
   -> 🚀 [GPU 1] 成功投递任务 | 队列状态: 3/10 | 模型: MTMT (Seed: 3042)
   -> 🚀 [GPU 2] 成功投递任务 | 队列状态: 3/15 | 模型: TARNET (Seed: 3042)
   -> 🚀 [GPU 1] 成功投递任务 | 队列状态: 4/10 | 模型: MTMT (Seed: 4042)
   -> 🚀 [GPU 2] 成功投递任务 | 队列状态: 4/15 | 模型: TARNET (Seed: 4042)
   -> 🚀 [GPU 1] 成功投递任务 | 队列状态: 5/10 | 模型: MTMT (Seed: 5042)
   -> 🚀 [GPU 2] 成功投递任务 | 队列状态: 5/15 | 模型: TARNET (Seed: 5042)
   -> 🚀 [GPU 1] 成功投递任务 | 队列状态: 6/10 | 模型: MOTTO (Seed: 1042)
   -> 🚀 [GPU 2] 成功投递任务 | 队列状态: 6/15 | 模型: TARNET (Seed: 1042)
   -> 🚀 [GPU 1] 成功投递任务 | 队列状态: 7/10 | 模型: MOTTO (Seed: 2042)
   -> 🚀 [GPU 2] 成功投递任务 | 队列状态: 7/15 | 模型: TARNET (Seed: 2042)
   -> 🚀 [GPU 1] 成功投递任务 | 队列状态: 8/10 | 模型: MOTTO (Seed: 3042)
   -> 🚀 [GPU 2] 成功投递任务 | 队列状态: 8/15 | 模型: TARNET (Seed: 3042)
   -> 🚀 [GPU 1] 成功投递任务 | 队列状态: 9/10 | 模型: MOTTO (Seed: 4042)
   -> 🚀 [GPU 2] 成功投递任务 | 队列状态: 9/15 | 模型: TARNET (Seed: 4042)
   -> 🚀 [GPU 1] 成功投递任务 | 队列状态: 10/10 | 模型: MOTTO (Seed: 5042)
   -> 🚀 [GPU 2] 成功投递任务 | 队列状态: 10/15 | 模型: TARNET (Seed: 5042)
   -> 🚀 [GPU 2] 成功投递任务 | 队列状态: 11/15 | 模型: TARNET (Seed: 1042)
   -> 🚀 [GPU 2] 成功投递任务 | 队列状态: 12/15 | 模型: TARNET (Seed: 2042)
   -> 🚀 [GPU 2] 成功投递任务 | 队列状态: 13/15 | 模型: TARNET (Seed: 3042)
   -> 🚀 [GPU 2] 成功投递任务 | 队列状态: 14/15 | 模型: TARNET (Seed: 4042)
   -> 🚀 [GPU 2] 成功投递任务 | 队列状态: 15/15 | 模型: TARNET (Seed: 5042)
   -> 🚀 [GPU 2] 成功投递任务 | 队列状态: 15/15 | 模型: TARNET (Seed: 1042)
   -> 🚀 [GPU 1] 成功投递任务 | 队列状态: 10/10 | 模型: ECUP (Seed: 1042)
   -> 🚀 [GPU 1] 成功投递任务 | 队列状态: 10/10 | 模型: ECUP (Seed: 2042)
   -> 🚀 [GPU 1] 成功投递任务 | 队列状态: 10/10 | 模型: ECUP (Seed: 3042)
   -> 🚀 [GPU 2] 成功投递任务 | 队列状态: 15/15 | 模型: TARNET (Seed: 2042)
   -> 🚀 [GPU 2] 成功投递任务 | 队列状态: 15/15 | 模型: TARNET (Seed: 3042)
   -> 🚀 [GPU 1] 成功投递任务 | 队列状态: 10/10 | 模型: ECUP (Seed: 4042)
   -> 🚀 [GPU 1] 成功投递任务 | 队列状态: 10/10 | 模型: ECUP (Seed: 5042)
   -> 🚀 [GPU 2] 成功投递任务 | 队列状态: 15/15 | 模型: TARNET (Seed: 4042)
   -> 🚀 [GPU 2] 成功投递任务 | 队列状态: 15/15 | 模型: TARNET (Seed: 5042)
   -> 🚀 [GPU 2] 成功投递任务 | 队列状态: 15/15 | 模型: TARNET (Seed: 1042)
   -> 🚀 [GPU 2] 成功投递任务 | 队列状态: 15/15 | 模型: TARNET (Seed: 2042)
   -> 🚀 [GPU 2] 成功投递任务 | 队列状态: 15/15 | 模型: TARNET (Seed: 3042)
   -> 🚀 [GPU 1] 成功投递任务 | 队列状态: 10/10 | 模型: DragonNet (Seed: 1042)
   -> 🚀 [GPU 2] 成功投递任务 | 队列状态: 15/15 | 模型: TARNET (Seed: 4042)
   -> 🚀 [GPU 2] 成功投递任务 | 队列状态: 15/15 | 模型: TARNET (Seed: 5042)
   -> 🚀 [GPU 2] 成功投递任务 | 队列状态: 15/15 | 模型: TARNET (Seed: 1042)
   -> 🚀 [GPU 2] 成功投递任务 | 队列状态: 15/15 | 模型: TARNET (Seed: 2042)
   -> 🚀 [GPU 2] 成功投递任务 | 队列状态: 15/15 | 模型: TARNET (Seed: 3042)
   -> 🚀 [GPU 2] 成功投递任务 | 队列状态: 15/15 | 模型: TARNET (Seed: 4042)
   -> 🚀 [GPU 1] 成功投递任务 | 队列状态: 10/10 | 模型: DragonNet (Seed: 2042)
   -> 🚀 [GPU 1] 成功投递任务 | 队列状态: 10/10 | 模型: DragonNet (Seed: 3042)
========================================================
🚀 启动 Uplift 动态队列并发复现 (Seed: 1042~5042)
▶️ [GPU 1] 队列容量: 10 并发进程
▶️ [GPU 2] 队列容量: 15 并发进程
📄 日志输出目录: reproduce_dynamic_logs/
========================================================
🌊 [GPU 1] 启动动态滑动队列 (容量: 10 进程) ...
🌊 [GPU 2] 启动动态滑动队列 (容量: 15 进程) ...
   -> 🚀 [GPU 1] 成功投递任务 | 队列状态: 1/10 | 模型: MTMT (Seed: 1042)
   -> 🚀 [GPU 2] 成功投递任务 | 队列状态: 1/15 | 模型: TARNET (Seed: 1042)
   -> 🚀 [GPU 1] 成功投递任务 | 队列状态: 2/10 | 模型: MTMT (Seed: 2042)
   -> 🚀 [GPU 2] 成功投递任务 | 队列状态: 2/15 | 模型: TARNET (Seed: 2042)
   -> 🚀 [GPU 1] 成功投递任务 | 队列状态: 3/10 | 模型: MTMT (Seed: 3042)
   -> 🚀 [GPU 2] 成功投递任务 | 队列状态: 3/15 | 模型: TARNET (Seed: 3042)
   -> 🚀 [GPU 1] 成功投递任务 | 队列状态: 4/10 | 模型: MTMT (Seed: 4042)
   -> 🚀 [GPU 2] 成功投递任务 | 队列状态: 4/15 | 模型: TARNET (Seed: 4042)
   -> 🚀 [GPU 1] 成功投递任务 | 队列状态: 5/10 | 模型: MTMT (Seed: 5042)
   -> 🚀 [GPU 2] 成功投递任务 | 队列状态: 5/15 | 模型: TARNET (Seed: 5042)
   -> 🚀 [GPU 1] 成功投递任务 | 队列状态: 6/10 | 模型: MOTTO (Seed: 1042)
   -> 🚀 [GPU 2] 成功投递任务 | 队列状态: 6/15 | 模型: TARNET (Seed: 1042)
   -> 🚀 [GPU 1] 成功投递任务 | 队列状态: 7/10 | 模型: MOTTO (Seed: 2042)
   -> 🚀 [GPU 2] 成功投递任务 | 队列状态: 7/15 | 模型: TARNET (Seed: 2042)
   -> 🚀 [GPU 1] 成功投递任务 | 队列状态: 8/10 | 模型: MOTTO (Seed: 3042)
   -> 🚀 [GPU 2] 成功投递任务 | 队列状态: 8/15 | 模型: TARNET (Seed: 3042)
   -> 🚀 [GPU 1] 成功投递任务 | 队列状态: 9/10 | 模型: MOTTO (Seed: 4042)
   -> 🚀 [GPU 2] 成功投递任务 | 队列状态: 9/15 | 模型: TARNET (Seed: 4042)
   -> 🚀 [GPU 1] 成功投递任务 | 队列状态: 10/10 | 模型: MOTTO (Seed: 5042)
   -> 🚀 [GPU 2] 成功投递任务 | 队列状态: 10/15 | 模型: TARNET (Seed: 5042)
   -> 🚀 [GPU 2] 成功投递任务 | 队列状态: 11/15 | 模型: TARNET (Seed: 1042)
   -> 🚀 [GPU 2] 成功投递任务 | 队列状态: 12/15 | 模型: TARNET (Seed: 2042)
   -> 🚀 [GPU 2] 成功投递任务 | 队列状态: 13/15 | 模型: TARNET (Seed: 3042)
   -> 🚀 [GPU 2] 成功投递任务 | 队列状态: 14/15 | 模型: TARNET (Seed: 4042)
   -> 🚀 [GPU 2] 成功投递任务 | 队列状态: 15/15 | 模型: TARNET (Seed: 5042)
========================================================
🚀 启动 Uplift 动态队列并发复现 (Seed: 1042~5042)
▶️ [GPU 1] 队列容量: 10 并发进程
▶️ [GPU 2] 队列容量: 15 并发进程
📄 日志输出目录: reproduce_dynamic_logs/
========================================================
🌊 [GPU 1] 启动动态滑动队列 (容量: 10 进程) ...
🌊 [GPU 2] 启动动态滑动队列 (容量: 15 进程) ...
   -> 🚀 [GPU 1] 成功投递任务 | 队列状态: 1/10 | 模型: MTMT (Seed: 1042)
   -> 🚀 [GPU 2] 成功投递任务 | 队列状态: 1/15 | 模型: TARNET (Seed: 1042)
   -> 🚀 [GPU 1] 成功投递任务 | 队列状态: 2/10 | 模型: MTMT (Seed: 2042)
   -> 🚀 [GPU 2] 成功投递任务 | 队列状态: 2/15 | 模型: TARNET (Seed: 2042)
   -> 🚀 [GPU 2] 成功投递任务 | 队列状态: 3/15 | 模型: TARNET (Seed: 3042)
   -> 🚀 [GPU 1] 成功投递任务 | 队列状态: 3/10 | 模型: MTMT (Seed: 3042)
   -> 🚀 [GPU 2] 成功投递任务 | 队列状态: 4/15 | 模型: TARNET (Seed: 4042)
   -> 🚀 [GPU 1] 成功投递任务 | 队列状态: 4/10 | 模型: MTMT (Seed: 4042)
   -> 🚀 [GPU 2] 成功投递任务 | 队列状态: 5/15 | 模型: TARNET (Seed: 5042)
   -> 🚀 [GPU 1] 成功投递任务 | 队列状态: 5/10 | 模型: MTMT (Seed: 5042)
   -> 🚀 [GPU 2] 成功投递任务 | 队列状态: 6/15 | 模型: TARNET (Seed: 1042)
   -> 🚀 [GPU 1] 成功投递任务 | 队列状态: 6/10 | 模型: MOTTO (Seed: 1042)
   -> 🚀 [GPU 2] 成功投递任务 | 队列状态: 7/15 | 模型: TARNET (Seed: 2042)
   -> 🚀 [GPU 1] 成功投递任务 | 队列状态: 7/10 | 模型: MOTTO (Seed: 2042)
   -> 🚀 [GPU 2] 成功投递任务 | 队列状态: 8/15 | 模型: TARNET (Seed: 3042)
   -> 🚀 [GPU 1] 成功投递任务 | 队列状态: 8/10 | 模型: MOTTO (Seed: 3042)
   -> 🚀 [GPU 2] 成功投递任务 | 队列状态: 9/15 | 模型: TARNET (Seed: 4042)
   -> 🚀 [GPU 1] 成功投递任务 | 队列状态: 9/10 | 模型: MOTTO (Seed: 4042)
   -> 🚀 [GPU 2] 成功投递任务 | 队列状态: 10/15 | 模型: TARNET (Seed: 5042)
   -> 🚀 [GPU 1] 成功投递任务 | 队列状态: 10/10 | 模型: MOTTO (Seed: 5042)
   -> 🚀 [GPU 2] 成功投递任务 | 队列状态: 11/15 | 模型: TARNET (Seed: 1042)
   -> 🚀 [GPU 2] 成功投递任务 | 队列状态: 12/15 | 模型: TARNET (Seed: 2042)
   -> 🚀 [GPU 2] 成功投递任务 | 队列状态: 13/15 | 模型: TARNET (Seed: 3042)
   -> 🚀 [GPU 2] 成功投递任务 | 队列状态: 14/15 | 模型: TARNET (Seed: 4042)
   -> 🚀 [GPU 2] 成功投递任务 | 队列状态: 15/15 | 模型: TARNET (Seed: 5042)
========================================================
🚀 启动 Uplift 动态队列并发复现 (Seed: 1042~5042)
▶️ [GPU 1] 队列容量: 2 并发进程
▶️ [GPU 2] 队列容量: 15 并发进程
📄 日志输出目录: reproduce_dynamic_logs/
========================================================
🌊 [GPU 1] 启动动态滑动队列 (容量: 2 进程) ...
   -> 🚀 [GPU 1] 成功投递任务 | 队列状态: 1/2 | 模型: CFRNet (Seed: 1042)
   -> 🚀 [GPU 1] 成功投递任务 | 队列状态: 2/2 | 模型: CFRNet (Seed: 2042)
========================================================
🚀 启动 Uplift 全链路双核并发大阅兵
▶️ [流水线 A] 将使用 GPU: 1,2 (主攻：经典基线与显式网络)
▶️ [流水线 B] 将使用 GPU: 1 (主攻：多任务与前沿 SOTA)
📄 所有任务的详细输出将保存在 experiment_logs_0415/ 目录下
========================================================
🟢 [流水线 A] 已启动！
▶️ [流水线 A] 正在训练: CFRNet
Terminated
⏳ 调度完毕！两条并发流水线已投入后台激战。
💡 提示 1: 你可以随时使用命令  tail -f experiment_logs_0415/log_dragonnet.txt  等查看实时进度。
💡 提示 2: 你可以使用  htop  或  nvidia-smi -l 1  监控系统资源利用率。
💡 提示 3: 如果不需要跑某个模型，直接在脚本里用 '#' 注释掉对应的 python 命令即可。
========================================================
🎉 终极捷报：所有 13 个 Uplift 模型（Baseline + SOTA）已全部训练完毕！
========================================================
========================================================
🚀 启动 Uplift 全链路双核并发大阅兵
▶️ [流水线 A] 将使用 GPU: 2 (主攻：经典基线与显式网络)
▶️ [流水线 B] 将使用 GPU: 1 (主攻：多任务与前沿 SOTA)
📄 所有任务的详细输出将保存在 experiment_logs_0415/ 目录下
========================================================
🟢 [流水线 A] 已启动！
▶️ [流水线 A] 正在训练: CFRNet
   -> 🚀 [GPU 1] 成功投递任务 | 队列状态: 10/10 | 模型: ECUP (Seed: 1042)
   -> 🚀 [GPU 2] 成功投递任务 | 队列状态: 15/15 | 模型: TARNET (Seed: 1042)
   -> 🚀 [GPU 1] 成功投递任务 | 队列状态: 10/10 | 模型: ECUP (Seed: 2042)
   -> 🚀 [GPU 1] 成功投递任务 | 队列状态: 10/10 | 模型: ECUP (Seed: 3042)
   -> 🚀 [GPU 1] 成功投递任务 | 队列状态: 10/10 | 模型: ECUP (Seed: 4042)
   -> 🚀 [GPU 1] 成功投递任务 | 队列状态: 10/10 | 模型: ECUP (Seed: 5042)
   -> 🚀 [GPU 1] 成功投递任务 | 队列状态: 10/10 | 模型: DragonNet (Seed: 1042)
   -> 🚀 [GPU 2] 成功投递任务 | 队列状态: 15/15 | 模型: TARNET (Seed: 2042)
   -> 🚀 [GPU 2] 成功投递任务 | 队列状态: 15/15 | 模型: TARNET (Seed: 3042)
   -> 🚀 [GPU 2] 成功投递任务 | 队列状态: 15/15 | 模型: TARNET (Seed: 4042)
   -> 🚀 [GPU 2] 成功投递任务 | 队列状态: 15/15 | 模型: TARNET (Seed: 5042)
   -> 🚀 [GPU 1] 成功投递任务 | 队列状态: 10/10 | 模型: DragonNet (Seed: 2042)
   -> 🚀 [GPU 1] 成功投递任务 | 队列状态: 10/10 | 模型: DragonNet (Seed: 3042)
   -> 🚀 [GPU 1] 成功投递任务 | 队列状态: 10/10 | 模型: DragonNet (Seed: 4042)
   -> 🚀 [GPU 1] 成功投递任务 | 队列状态: 10/10 | 模型: DragonNet (Seed: 5042)
   -> 🚀 [GPU 1] 成功投递任务 | 队列状态: 10/10 | 模型: TARNET (Seed: 1042)
   -> 🚀 [GPU 2] 成功投递任务 | 队列状态: 15/15 | 模型: TARNET (Seed: 1042)
   -> 🚀 [GPU 2] 成功投递任务 | 队列状态: 15/15 | 模型: TARNET (Seed: 2042)
   -> 🚀 [GPU 2] 成功投递任务 | 队列状态: 15/15 | 模型: TARNET (Seed: 3042)
   -> 🚀 [GPU 2] 成功投递任务 | 队列状态: 15/15 | 模型: TARNET (Seed: 4042)
   -> 🚀 [GPU 1] 成功投递任务 | 队列状态: 10/10 | 模型: TARNET (Seed: 2042)
   -> 🚀 [GPU 1] 成功投递任务 | 队列状态: 10/10 | 模型: TARNET (Seed: 3042)
   -> 🚀 [GPU 2] 成功投递任务 | 队列状态: 15/15 | 模型: TARNET (Seed: 5042)
   -> 🚀 [GPU 2] 成功投递任务 | 队列状态: 15/15 | 模型: TARNET (Seed: 1042)
   -> 🚀 [GPU 2] 成功投递任务 | 队列状态: 15/15 | 模型: TARNET (Seed: 2042)
   -> 🚀 [GPU 2] 成功投递任务 | 队列状态: 15/15 | 模型: TARNET (Seed: 3042)
   -> 🚀 [GPU 2] 成功投递任务 | 队列状态: 15/15 | 模型: TARNET (Seed: 4042)
   -> 🚀 [GPU 2] 成功投递任务 | 队列状态: 15/15 | 模型: TARNET (Seed: 5042)
   -> 🚀 [GPU 2] 成功投递任务 | 队列状态: 15/15 | 模型: TARNET (Seed: 1042)
   -> 🚀 [GPU 2] 成功投递任务 | 队列状态: 15/15 | 模型: TARNET (Seed: 2042)
   -> 🚀 [GPU 2] 成功投递任务 | 队列状态: 15/15 | 模型: TARNET (Seed: 3042)
   -> 🚀 [GPU 2] 成功投递任务 | 队列状态: 15/15 | 模型: TARNET (Seed: 4042)
   -> 🚀 [GPU 1] 成功投递任务 | 队列状态: 2/2 | 模型: CFRNet (Seed: 3042)
   -> 🚀 [GPU 2] 成功投递任务 | 队列状态: 15/15 | 模型: TARNET (Seed: 5042)
   -> 🚀 [GPU 2] 成功投递任务 | 队列状态: 15/15 | 模型: S_Learner (Seed: 1042)
   -> 🚀 [GPU 1] 成功投递任务 | 队列状态: 2/2 | 模型: CFRNet (Seed: 4042)
   -> 🚀 [GPU 2] 成功投递任务 | 队列状态: 15/15 | 模型: S_Learner (Seed: 2042)
   -> 🚀 [GPU 2] 成功投递任务 | 队列状态: 15/15 | 模型: S_Learner (Seed: 3042)
   -> 🚀 [GPU 2] 成功投递任务 | 队列状态: 15/15 | 模型: S_Learner (Seed: 4042)
   -> 🚀 [GPU 2] 成功投递任务 | 队列状态: 15/15 | 模型: S_Learner (Seed: 5042)
   -> 🚀 [GPU 2] 成功投递任务 | 队列状态: 15/15 | 模型: T_Learner (Seed: 1042)
   -> 🚀 [GPU 2] 成功投递任务 | 队列状态: 15/15 | 模型: T_Learner (Seed: 2042)
   -> 🚀 [GPU 1] 成功投递任务 | 队列状态: 10/10 | 模型: TARNET (Seed: 4042)
   -> 🚀 [GPU 1] 成功投递任务 | 队列状态: 10/10 | 模型: TARNET (Seed: 5042)
   -> 🚀 [GPU 1] 成功投递任务 | 队列状态: 10/10 | 模型: TARNET (Seed: 1042)
   -> 🚀 [GPU 2] 成功投递任务 | 队列状态: 15/15 | 模型: T_Learner (Seed: 3042)
   -> 🚀 [GPU 1] 成功投递任务 | 队列状态: 10/10 | 模型: TARNET (Seed: 2042)
   -> 🚀 [GPU 1] 成功投递任务 | 队列状态: 10/10 | 模型: TARNET (Seed: 3042)
   -> 🚀 [GPU 2] 成功投递任务 | 队列状态: 15/15 | 模型: T_Learner (Seed: 4042)
   -> 🚀 [GPU 2] 成功投递任务 | 队列状态: 15/15 | 模型: T_Learner (Seed: 5042)
⏳ [GPU 2] 所有任务已投递完毕，等待队列中最后几名选手冲线...
   -> 🚀 [GPU 1] 成功投递任务 | 队列状态: 10/10 | 模型: TARNET (Seed: 4042)
   -> 🚀 [GPU 1] 成功投递任务 | 队列状态: 10/10 | 模型: TARNET (Seed: 5042)
   -> 🚀 [GPU 1] 成功投递任务 | 队列状态: 10/10 | 模型: TARNET (Seed: 1042)
   -> 🚀 [GPU 1] 成功投递任务 | 队列状态: 10/10 | 模型: TARNET (Seed: 2042)
   -> 🚀 [GPU 1] 成功投递任务 | 队列状态: 10/10 | 模型: TARNET (Seed: 3042)
   -> 🚀 [GPU 1] 成功投递任务 | 队列状态: 10/10 | 模型: TARNET (Seed: 4042)
   -> 🚀 [GPU 1] 成功投递任务 | 队列状态: 10/10 | 模型: TARNET (Seed: 5042)
   -> 🚀 [GPU 1] 成功投递任务 | 队列状态: 2/2 | 模型: CFRNet (Seed: 5042)
   -> 🚀 [GPU 1] 成功投递任务 | 队列状态: 10/10 | 模型: TARNET (Seed: 1042)
   -> 🚀 [GPU 1] 成功投递任务 | 队列状态: 10/10 | 模型: TARNET (Seed: 2042)
✅ [流水线 A] 所有经典基线与显式网络跑完收工！
⏳ 调度完毕！两条并发流水线已投入后台激战。
💡 提示 1: 你可以随时使用命令  tail -f experiment_logs_0415/log_dragonnet.txt  等查看实时进度。
💡 提示 2: 你可以使用  htop  或  nvidia-smi -l 1  监控系统资源利用率。
💡 提示 3: 如果不需要跑某个模型，直接在脚本里用 '#' 注释掉对应的 python 命令即可。
========================================================
🎉 终极捷报：所有 13 个 Uplift 模型（Baseline + SOTA）已全部训练完毕！
========================================================
   -> 🚀 [GPU 1] 成功投递任务 | 队列状态: 10/10 | 模型: TARNET (Seed: 3042)
   -> 🚀 [GPU 1] 成功投递任务 | 队列状态: 10/10 | 模型: TARNET (Seed: 4042)
   -> 🚀 [GPU 1] 成功投递任务 | 队列状态: 10/10 | 模型: TARNET (Seed: 5042)
✅ [GPU 2] 队列清空，完美下班！
   -> 🚀 [GPU 1] 成功投递任务 | 队列状态: 10/10 | 模型: TARNET (Seed: 1042)
   -> 🚀 [GPU 1] 成功投递任务 | 队列状态: 10/10 | 模型: TARNET (Seed: 2042)
   -> 🚀 [GPU 1] 成功投递任务 | 队列状态: 10/10 | 模型: TARNET (Seed: 3042)
   -> 🚀 [GPU 1] 成功投递任务 | 队列状态: 10/10 | 模型: TARNET (Seed: 4042)
⏳ [GPU 1] 所有任务已投递完毕，等待队列中最后几名选手冲线...
   -> 🚀 [GPU 1] 成功投递任务 | 队列状态: 10/10 | 模型: TARNET (Seed: 5042)
⏳ [GPU 1] 所有任务已投递完毕，等待队列中最后几名选手冲线...
✅ [GPU 1] 队列清空，完美下班！
========================================================
🎉 终极捷报：双卡动态滑动队列已全部清空！效率最大化达成！
========================================================
✅ [GPU 1] 队列清空，完美下班！
========================================================
🎉 终极捷报：双卡动态滑动队列已全部清空！效率最大化达成！
========================================================
========================================================
🚀 启动 Uplift 动态队列并发复现 (Seed: 1042~5042)
▶️ [GPU 1] 队列容量: 2 并发进程
▶️ [GPU 2] 队列容量: 15 并发进程
📄 日志输出目录: reproduce_dynamic_logs/
========================================================
🌊 [GPU 1] 启动动态滑动队列 (容量: 2 进程) ...
   -> 🚀 [GPU 1] 成功投递任务 | 队列状态: 1/2 | 模型: CFRNet (Seed: 1042)
   -> 🚀 [GPU 1] 成功投递任务 | 队列状态: 2/2 | 模型: CFRNet (Seed: 2042)
   -> 🚀 [GPU 1] 成功投递任务 | 队列状态: 1/2 | 模型: CFRNet (Seed: 3042)
   -> 🚀 [GPU 1] 成功投递任务 | 队列状态: 2/2 | 模型: CFRNet (Seed: 4042)
   -> 🚀 [GPU 1] 成功投递任务 | 队列状态: 1/2 | 模型: CFRNet (Seed: 5042)
⏳ [GPU 1] 所有任务已投递完毕，等待队列中最后几名选手冲线...
✅ [GPU 1] 队列清空，完美下班！
========================================================
🎉 终极捷报：双卡动态滑动队列已全部清空！效率最大化达成！
========================================================
========================================================
🚀 启动 Uplift 全链路双核并发大阅兵
▶️ [流水线 A] 将使用 GPU: 1 (主攻：经典基线与显式网络)
▶️ [流水线 B] 将使用 GPU: 1 (主攻：多任务与前沿 SOTA)
📄 所有任务的详细输出将保存在 experiment_logs_0415/ 目录下
========================================================
🟢 [流水线 A] 已启动！
▶️ [流水线 A] 正在训练: CFRNet
========================================================
🚀 启动 Uplift 动态队列并发复现 (Seed: 1042~5042)
▶️ [GPU 1] 队列容量: 5 并发进程
▶️ [GPU 5] 队列容量: 5 并发进程
📄 日志输出目录: reproduce_dynamic_logs/
========================================================
🌊 [GPU 1] 启动动态滑动队列 (容量: 5 进程) ...
🌊 [GPU 5] 启动动态滑动队列 (容量: 5 进程) ...
   -> 🚀 [GPU 5] 成功投递任务 | 队列状态: 1/5 | 模型: TARNET (Seed: 1042)
   -> 🚀 [GPU 1] 成功投递任务 | 队列状态: 1/5 | 模型: ECUP (Seed: 1042)
   -> 🚀 [GPU 5] 成功投递任务 | 队列状态: 2/5 | 模型: TARNET (Seed: 2042)
   -> 🚀 [GPU 1] 成功投递任务 | 队列状态: 2/5 | 模型: ECUP (Seed: 2042)
   -> 🚀 [GPU 5] 成功投递任务 | 队列状态: 3/5 | 模型: TARNET (Seed: 3042)
   -> 🚀 [GPU 1] 成功投递任务 | 队列状态: 3/5 | 模型: ECUP (Seed: 3042)
   -> 🚀 [GPU 5] 成功投递任务 | 队列状态: 4/5 | 模型: TARNET (Seed: 4042)
   -> 🚀 [GPU 1] 成功投递任务 | 队列状态: 4/5 | 模型: ECUP (Seed: 4042)
   -> 🚀 [GPU 5] 成功投递任务 | 队列状态: 5/5 | 模型: TARNET (Seed: 5042)
   -> 🚀 [GPU 1] 成功投递任务 | 队列状态: 5/5 | 模型: ECUP (Seed: 5042)
   -> 🚀 [GPU 5] 成功投递任务 | 队列状态: 5/5 | 模型: TARNET (Seed: 1042)
   -> 🚀 [GPU 5] 成功投递任务 | 队列状态: 5/5 | 模型: TARNET (Seed: 2042)
   -> 🚀 [GPU 5] 成功投递任务 | 队列状态: 4/5 | 模型: TARNET (Seed: 3042)
   -> 🚀 [GPU 5] 成功投递任务 | 队列状态: 5/5 | 模型: TARNET (Seed: 4042)
   -> 🚀 [GPU 5] 成功投递任务 | 队列状态: 5/5 | 模型: TARNET (Seed: 5042)
   -> 🚀 [GPU 5] 成功投递任务 | 队列状态: 4/5 | 模型: TARNET (Seed: 1042)
   -> 🚀 [GPU 5] 成功投递任务 | 队列状态: 5/5 | 模型: TARNET (Seed: 2042)
   -> 🚀 [GPU 5] 成功投递任务 | 队列状态: 3/5 | 模型: TARNET (Seed: 3042)
   -> 🚀 [GPU 5] 成功投递任务 | 队列状态: 4/5 | 模型: TARNET (Seed: 4042)
   -> 🚀 [GPU 5] 成功投递任务 | 队列状态: 5/5 | 模型: TARNET (Seed: 5042)
⏳ [GPU 5] 所有任务已投递完毕，等待队列中最后几名选手冲线...
========================================================
🚀 启动 Uplift 全链路双核并发大阅兵
▶️ [流水线 A] 将使用 GPU: 1 (主攻：经典基线与显式网络)
▶️ [流水线 B] 将使用 GPU: 1 (主攻：多任务与前沿 SOTA)
📄 所有任务的详细输出将保存在 experiment_logs_0415/ 目录下
========================================================
🟢 [流水线 A] 已启动！
▶️ [流水线 A] 正在训练: CFRNet
========================================================
🚀 启动 Uplift 动态队列并发复现 (Seed: 1042~5042)
▶️ [GPU 1] 队列容量: 5 并发进程
▶️ [GPU 6] 队列容量: 5 并发进程
📄 日志输出目录: reproduce_dynamic_logs/
========================================================
🌊 [GPU 1] 启动动态滑动队列 (容量: 5 进程) ...
🌊 [GPU 6] 启动动态滑动队列 (容量: 5 进程) ...
   -> 🚀 [GPU 1] 成功投递任务 | 队列状态: 1/5 | 模型: ECUP (Seed: 1042)
   -> 🚀 [GPU 6] 成功投递任务 | 队列状态: 1/5 | 模型: TARNET (Seed: 1042)
   -> 🚀 [GPU 1] 成功投递任务 | 队列状态: 2/5 | 模型: ECUP (Seed: 2042)
   -> 🚀 [GPU 6] 成功投递任务 | 队列状态: 2/5 | 模型: TARNET (Seed: 2042)
   -> 🚀 [GPU 1] 成功投递任务 | 队列状态: 3/5 | 模型: ECUP (Seed: 3042)
   -> 🚀 [GPU 6] 成功投递任务 | 队列状态: 3/5 | 模型: TARNET (Seed: 3042)
   -> 🚀 [GPU 6] 成功投递任务 | 队列状态: 4/5 | 模型: TARNET (Seed: 4042)
   -> 🚀 [GPU 1] 成功投递任务 | 队列状态: 4/5 | 模型: ECUP (Seed: 4042)
   -> 🚀 [GPU 6] 成功投递任务 | 队列状态: 5/5 | 模型: TARNET (Seed: 5042)
   -> 🚀 [GPU 1] 成功投递任务 | 队列状态: 5/5 | 模型: ECUP (Seed: 5042)
========================================================
🚀 启动 Uplift 动态队列并发复现 (Seed: 1042~5042)
▶️ [GPU 1] 队列容量: 2 并发进程
▶️ [GPU 2] 队列容量: 15 并发进程
📄 日志输出目录: reproduce_dynamic_logs/
========================================================
🌊 [GPU 1] 启动动态滑动队列 (容量: 2 进程) ...
   -> 🚀 [GPU 1] 成功投递任务 | 队列状态: 1/2 | 模型: CFRNet (Seed: 1042)
   -> 🚀 [GPU 1] 成功投递任务 | 队列状态: 2/2 | 模型: CFRNet (Seed: 2042)
   -> 🚀 [GPU 1] 成功投递任务 | 队列状态: 2/2 | 模型: CFRNet (Seed: 3042)
   -> 🚀 [GPU 6] 成功投递任务 | 队列状态: 5/5 | 模型: TARNET (Seed: 1042)
   -> 🚀 [GPU 1] 成功投递任务 | 队列状态: 2/2 | 模型: CFRNet (Seed: 4042)
   -> 🚀 [GPU 6] 成功投递任务 | 队列状态: 5/5 | 模型: TARNET (Seed: 2042)
   -> 🚀 [GPU 1] 成功投递任务 | 队列状态: 5/5 | 模型: DragonNet (Seed: 1042)
   -> 🚀 [GPU 6] 成功投递任务 | 队列状态: 5/5 | 模型: TARNET (Seed: 3042)
   -> 🚀 [GPU 6] 成功投递任务 | 队列状态: 5/5 | 模型: TARNET (Seed: 4042)
   -> 🚀 [GPU 6] 成功投递任务 | 队列状态: 5/5 | 模型: TARNET (Seed: 5042)
   -> 🚀 [GPU 1] 成功投递任务 | 队列状态: 5/5 | 模型: DragonNet (Seed: 2042)
   -> 🚀 [GPU 6] 成功投递任务 | 队列状态: 5/5 | 模型: TARNET (Seed: 1042)
   -> 🚀 [GPU 1] 成功投递任务 | 队列状态: 5/5 | 模型: DragonNet (Seed: 3042)
   -> 🚀 [GPU 6] 成功投递任务 | 队列状态: 5/5 | 模型: TARNET (Seed: 2042)
   -> 🚀 [GPU 1] 成功投递任务 | 队列状态: 5/5 | 模型: DragonNet (Seed: 4042)
   -> 🚀 [GPU 1] 成功投递任务 | 队列状态: 5/5 | 模型: DragonNet (Seed: 5042)
⏳ [GPU 1] 所有任务已投递完毕，等待队列中最后几名选手冲线...
   -> 🚀 [GPU 1] 成功投递任务 | 队列状态: 2/2 | 模型: CFRNet (Seed: 5042)
   -> 🚀 [GPU 6] 成功投递任务 | 队列状态: 5/5 | 模型: TARNET (Seed: 3042)
   -> 🚀 [GPU 6] 成功投递任务 | 队列状态: 5/5 | 模型: TARNET (Seed: 4042)
   -> 🚀 [GPU 6] 成功投递任务 | 队列状态: 5/5 | 模型: TARNET (Seed: 5042)
⏳ [GPU 6] 所有任务已投递完毕，等待队列中最后几名选手冲线...
⏳ [GPU 1] 所有任务已投递完毕，等待队列中最后几名选手冲线...
✅ [GPU 1] 队列清空，完美下班！
✅ [GPU 6] 队列清空，完美下班！
========================================================
🎉 终极捷报：双卡动态滑动队列已全部清空！效率最大化达成！
========================================================
✅ [GPU 1] 队列清空，完美下班！
========================================================
🎉 终极捷报：双卡动态滑动队列已全部清空！效率最大化达成！
========================================================
✅ [流水线 A] 所有经典基线与显式网络跑完收工！
⏳ 调度完毕！两条并发流水线已投入后台激战。
💡 提示 1: 你可以随时使用命令  tail -f experiment_logs_0415/log_dragonnet.txt  等查看实时进度。
💡 提示 2: 你可以使用  htop  或  nvidia-smi -l 1  监控系统资源利用率。
💡 提示 3: 如果不需要跑某个模型，直接在脚本里用 '#' 注释掉对应的 python 命令即可。
========================================================
🎉 终极捷报：所有 13 个 Uplift 模型（Baseline + SOTA）已全部训练完毕！
========================================================
