nohup: ignoring input
========================================================
🚀 启动 Uplift 全链路双核并发大阅兵
▶️ [流水线 A] 将使用 GPU: 0,2,3,4,5,6 (主攻：经典基线与显式网络)
▶️ [流水线 B] 将使用 GPU: 1 (主攻：多任务与前沿 SOTA)
📄 所有任务的详细输出将保存在 experiment_logs_0415/ 目录下
========================================================
🟢 [流水线 A] 已启动！
▶️ [流水线 A] 正在训练: S_Learner
▶️ [流水线 A] 正在训练: T_Learner
▶️ [流水线 A] 正在训练: CFRNet
▶️ [流水线 A] 正在训练: DragonNet
▶️ [流水线 A] 正在训练: EUEN
▶️ [流水线 A] 正在训练: EFIN
▶️ [流水线 A] 正在训练: DESCN
✅ [流水线 A] 所有经典基线与显式网络跑完收工！
⏳ 调度完毕！两条并发流水线已投入后台激战。
💡 提示 1: 你可以随时使用命令  tail -f experiment_logs_0415/log_dragonnet.txt  等查看实时进度。
💡 提示 2: 你可以使用  htop  或  nvidia-smi -l 1  监控系统资源利用率。
💡 提示 3: 如果不需要跑某个模型，直接在脚本里用 '#' 注释掉对应的 python 命令即可。
========================================================
🎉 终极捷报：所有 13 个 Uplift 模型（Baseline + SOTA）已全部训练完毕！
========================================================
